<<<<<<< Updated upstream
[7292:8392:0503/170230.445:WARNING:chrome_main_delegate.cc(745)] This is Chrome version 128.0.6613.138 (not a warning)
[7292:22084:0503/170230.474:ERROR:google_update_settings.cc(265)] Failed opening key Software\Chromium to set usagestats; result: 5
[7292:8392:0503/170230.483:WARNING:account_consistency_mode_manager.cc(77)] Desktop Identity Consistency cannot be enabled as no OAuth client ID and client secret have been configured.
[24916:21208:0503/170234.395:WARNING:frame_impl.cc(430)] virtual CefFrameImpl::SendProcessMessage sent to detached frame 5-AFE7C0DC166EED3FCBF49658BBF86B09 will be ignored
[7292:8392:0503/172653.711:WARNING:pref_notifier_impl.cc(41)] Pref observer for media_router.cast_allow_all_ips found at shutdown.
=======
[16340:18804:0503/175842.112:WARNING:chrome_main_delegate.cc(745)] This is Chrome version 128.0.6613.138 (not a warning)
[16340:18804:0503/175842.138:ERROR:os_crypt_win.cc(100)] Failed to decrypt: Clave no válida para utilizar en el estado especificado. (0x8009000B)
[16340:15848:0503/175842.173:ERROR:google_update_settings.cc(265)] Failed opening key Software\Chromium to set usagestats; result: 5
[16340:18804:0503/175842.206:WARNING:account_consistency_mode_manager.cc(77)] Desktop Identity Consistency cannot be enabled as no OAuth client ID and client secret have been configured.
[16340:15848:0503/175848.947:WARNING:leveldb_database.cc(141)] Unable to open D:\UnrealProjects\ESTAESLABUENAJAJAJ\A6_V2\A6_V1\Saved\webcache_6613\Default\shared_proto_db\metadata: IO error: D:\UnrealProjects\ESTAESLABUENAJAJAJ\A6_V2\A6_V1\Saved\webcache_6613\Default\shared_proto_db\metadata/MANIFEST-000001: Unable to create sequential file (ChromeMethodBFE: 7::NewSequentialFile::1)
[16340:15848:0503/175848.950:WARNING:leveldb_database.cc(141)] Unable to open D:\UnrealProjects\ESTAESLABUENAJAJAJ\A6_V2\A6_V1\Saved\webcache_6613\Default\shared_proto_db\metadata: IO error: D:\UnrealProjects\ESTAESLABUENAJAJAJ\A6_V2\A6_V1\Saved\webcache_6613\Default\shared_proto_db\metadata/MANIFEST-000001: Unable to create sequential file (ChromeMethodBFE: 7::NewSequentialFile::1)
[16340:15848:0503/175848.953:WARNING:leveldb_database.cc(141)] Unable to open D:\UnrealProjects\ESTAESLABUENAJAJAJ\A6_V2\A6_V1\Saved\webcache_6613\Default\shared_proto_db\metadata: IO error: D:\UnrealProjects\ESTAESLABUENAJAJAJ\A6_V2\A6_V1\Saved\webcache_6613\Default\shared_proto_db\metadata/MANIFEST-000001: Unable to create sequential file (ChromeMethodBFE: 7::NewSequentialFile::1)
[16340:15848:0503/175848.956:WARNING:leveldb_database.cc(141)] Unable to open D:\UnrealProjects\ESTAESLABUENAJAJAJ\A6_V2\A6_V1\Saved\webcache_6613\Default\shared_proto_db\metadata: IO error: D:\UnrealProjects\ESTAESLABUENAJAJAJ\A6_V2\A6_V1\Saved\webcache_6613\Default\shared_proto_db\metadata/MANIFEST-000001: Unable to create sequential file (ChromeMethodBFE: 7::NewSequentialFile::1)
[16340:29688:0503/175852.662:WARNING:value_store_frontend.cc(47)] Reading ahfgeienlihckogmohjhadlkjgocpleb.alarms from  failed: IO error: .../MANIFEST-000001: Unable to create sequential file (ChromeMethodBFE: 7::NewSequentialFile::1)
[16340:18804:0503/175852.678:ERROR:device_event_log_impl.cc(196)] [17:58:52.654] USB: usb_service_win.cc:105 SetupDiGetDeviceProperty({{A45C254E-DF1C-4EFD-8020-67D146A850E0}, 6}) failed: No se ha encontrado el elemento. (0x490)
[16340:29688:0503/175852.678:WARNING:value_store_frontend.cc(47)] Reading mhjfbmdgcfjbbpaeojofohoefgiehjai.alarms from  failed: IO error: .../MANIFEST-000001: Unable to create sequential file (ChromeMethodBFE: 7::NewSequentialFile::1)
[27948:3868:0503/175853.362:WARNING:frame_impl.cc(430)] virtual CefFrameImpl::SendProcessMessage sent to detached frame 5-55849F1FD158CB1908C99380C308BE82 will be ignored
[16340:14960:0503/175854.271:ERROR:cast_crl.cc(443)] CRL - Verification failed.
[16340:14960:0503/180047.098:ERROR:cast_crl.cc(443)] CRL - Verification failed.
[16340:18804:0503/182843.287:WARNING:pref_notifier_impl.cc(41)] Pref observer for media_router.cast_allow_all_ips found at shutdown.
>>>>>>> Stashed changes
